---------- Date: 2015-01-21 22:29:39 ~ IP : 127.0.0.1 ----------
REQUEST URI : /congcong/admin/
VQMod::_getMods - NO XML FILES READABLE IN XML FOLDER
----------------------------------------------------------------------


---------- Date: 2015-01-21 22:29:39 ~ IP : 127.0.0.1 ----------
REQUEST URI : /congcong/admin/
VQMod::_getMods - NO XML FILES READABLE IN XML FOLDER
----------------------------------------------------------------------


---------- Date: 2015-01-21 22:29:44 ~ IP : 127.0.0.1 ----------
REQUEST URI : /congcong/admin/index.php?route=common/login
VQMod::_getMods - NO XML FILES READABLE IN XML FOLDER
----------------------------------------------------------------------


---------- Date: 2015-01-21 22:29:44 ~ IP : 127.0.0.1 ----------
REQUEST URI : /congcong/admin/index.php?route=common/login
VQMod::_getMods - NO XML FILES READABLE IN XML FOLDER
----------------------------------------------------------------------


---------- Date: 2015-01-21 22:29:44 ~ IP : 127.0.0.1 ----------
REQUEST URI : /congcong/admin/index.php?route=common/dashboard&token=892de1877a95ff1a336ef36a4c55fe8a
VQMod::_getMods - NO XML FILES READABLE IN XML FOLDER
----------------------------------------------------------------------


---------- Date: 2015-01-21 22:29:45 ~ IP : 127.0.0.1 ----------
REQUEST URI : /congcong/admin/index.php?route=common/dashboard&token=892de1877a95ff1a336ef36a4c55fe8a
VQMod::_getMods - NO XML FILES READABLE IN XML FOLDER
----------------------------------------------------------------------


---------- Date: 2015-01-21 22:29:46 ~ IP : 127.0.0.1 ----------
REQUEST URI : /congcong/admin/index.php?route=dashboard/chart/chart&token=892de1877a95ff1a336ef36a4c55fe8a&range=month
VQMod::_getMods - NO XML FILES READABLE IN XML FOLDER
----------------------------------------------------------------------


---------- Date: 2015-01-21 22:29:46 ~ IP : 127.0.0.1 ----------
REQUEST URI : /congcong/admin/index.php?route=dashboard/chart/chart&token=892de1877a95ff1a336ef36a4c55fe8a&range=month
VQMod::_getMods - NO XML FILES READABLE IN XML FOLDER
----------------------------------------------------------------------


---------- Date: 2015-01-21 22:29:46 ~ IP : 127.0.0.1 ----------
REQUEST URI : /congcong/admin/index.php?route=dashboard/map/map&token=892de1877a95ff1a336ef36a4c55fe8a
VQMod::_getMods - NO XML FILES READABLE IN XML FOLDER
----------------------------------------------------------------------


---------- Date: 2015-01-21 22:29:46 ~ IP : 127.0.0.1 ----------
REQUEST URI : /congcong/admin/index.php?route=dashboard/map/map&token=892de1877a95ff1a336ef36a4c55fe8a
VQMod::_getMods - NO XML FILES READABLE IN XML FOLDER
----------------------------------------------------------------------


---------- Date: 2015-01-21 22:32:17 ~ IP : 127.0.0.1 ----------
REQUEST URI : /congcong/admin/index.php?route=extension/installer&token=892de1877a95ff1a336ef36a4c55fe8a
VQMod::_getMods - NO XML FILES READABLE IN XML FOLDER
----------------------------------------------------------------------


---------- Date: 2015-01-21 22:32:17 ~ IP : 127.0.0.1 ----------
REQUEST URI : /congcong/admin/index.php?route=extension/installer&token=892de1877a95ff1a336ef36a4c55fe8a
VQMod::_getMods - NO XML FILES READABLE IN XML FOLDER
----------------------------------------------------------------------


---------- Date: 2015-01-21 22:32:24 ~ IP : 127.0.0.1 ----------
REQUEST URI : /congcong/admin/index.php?route=extension/installer&token=892de1877a95ff1a336ef36a4c55fe8a
VQMod::_getMods - NO XML FILES READABLE IN XML FOLDER
----------------------------------------------------------------------


---------- Date: 2015-01-21 22:32:24 ~ IP : 127.0.0.1 ----------
REQUEST URI : /congcong/admin/index.php?route=extension/installer&token=892de1877a95ff1a336ef36a4c55fe8a
VQMod::_getMods - NO XML FILES READABLE IN XML FOLDER
----------------------------------------------------------------------


---------- Date: 2015-01-21 22:32:29 ~ IP : 127.0.0.1 ----------
REQUEST URI : /congcong/admin/index.php?route=extension/modification&token=892de1877a95ff1a336ef36a4c55fe8a
VQMod::_getMods - NO XML FILES READABLE IN XML FOLDER
----------------------------------------------------------------------


---------- Date: 2015-01-21 22:32:29 ~ IP : 127.0.0.1 ----------
REQUEST URI : /congcong/admin/index.php?route=extension/modification&token=892de1877a95ff1a336ef36a4c55fe8a
VQMod::_getMods - NO XML FILES READABLE IN XML FOLDER
----------------------------------------------------------------------


---------- Date: 2015-01-21 22:32:34 ~ IP : 127.0.0.1 ----------
REQUEST URI : /congcong/admin/index.php?route=extension/module&token=892de1877a95ff1a336ef36a4c55fe8a
VQMod::_getMods - NO XML FILES READABLE IN XML FOLDER
----------------------------------------------------------------------


---------- Date: 2015-01-21 22:32:34 ~ IP : 127.0.0.1 ----------
REQUEST URI : /congcong/admin/index.php?route=extension/module&token=892de1877a95ff1a336ef36a4c55fe8a
VQMod::_getMods - NO XML FILES READABLE IN XML FOLDER
----------------------------------------------------------------------


---------- Date: 2015-01-21 22:32:54 ~ IP : 127.0.0.1 ----------
REQUEST URI : /congcong/admin/index.php?route=extension/module/install&token=892de1877a95ff1a336ef36a4c55fe8a&extension=pp_button
VQMod::_getMods - NO XML FILES READABLE IN XML FOLDER
----------------------------------------------------------------------


---------- Date: 2015-01-21 22:32:54 ~ IP : 127.0.0.1 ----------
REQUEST URI : /congcong/admin/index.php?route=extension/module/install&token=892de1877a95ff1a336ef36a4c55fe8a&extension=pp_button
VQMod::_getMods - NO XML FILES READABLE IN XML FOLDER
----------------------------------------------------------------------


---------- Date: 2015-01-21 22:32:54 ~ IP : 127.0.0.1 ----------
REQUEST URI : /congcong/admin/index.php?route=extension/module/install&token=892de1877a95ff1a336ef36a4c55fe8a&extension=pp_button
VQMod::_getMods - NO XML FILES READABLE IN XML FOLDER
----------------------------------------------------------------------


---------- Date: 2015-01-21 22:32:54 ~ IP : 127.0.0.1 ----------
REQUEST URI : /congcong/admin/index.php?route=extension/module/install&token=892de1877a95ff1a336ef36a4c55fe8a&extension=pp_button
VQMod::_getMods - NO XML FILES READABLE IN XML FOLDER
----------------------------------------------------------------------


---------- Date: 2015-01-21 22:32:55 ~ IP : 127.0.0.1 ----------
REQUEST URI : /congcong/admin/index.php?route=extension/module&token=892de1877a95ff1a336ef36a4c55fe8a
VQMod::_getMods - NO XML FILES READABLE IN XML FOLDER
----------------------------------------------------------------------


---------- Date: 2015-01-21 22:32:55 ~ IP : 127.0.0.1 ----------
REQUEST URI : /congcong/admin/index.php?route=extension/module&token=892de1877a95ff1a336ef36a4c55fe8a
VQMod::_getMods - NO XML FILES READABLE IN XML FOLDER
----------------------------------------------------------------------


---------- Date: 2015-01-21 22:33:05 ~ IP : 127.0.0.1 ----------
REQUEST URI : /congcong/admin/index.php?route=extension/module/install&token=892de1877a95ff1a336ef36a4c55fe8a&extension=multiseller
VQMod::_getMods - NO XML FILES READABLE IN XML FOLDER
----------------------------------------------------------------------


